[15:46:15] [main/WARN]: Ambiguity between arguments [teleport, destination] and [teleport, targets] with inputs: [Player, 0123, @e, dd12be42-52a9-4a91-a8a1-11c01849e498]
[15:46:15] [main/WARN]: Ambiguity between arguments [teleport, location] and [teleport, destination] with inputs: [0.1 -0.5 .9, 0 0 0]
[15:46:15] [main/WARN]: Ambiguity between arguments [teleport, location] and [teleport, targets] with inputs: [0.1 -0.5 .9, 0 0 0]
[15:46:15] [main/WARN]: Ambiguity between arguments [teleport, targets] and [teleport, destination] with inputs: [Player, 0123, dd12be42-52a9-4a91-a8a1-11c01849e498]
[15:46:15] [main/WARN]: Ambiguity between arguments [teleport, targets, location] and [teleport, targets, destination] with inputs: [0.1 -0.5 .9, 0 0 0]
[15:46:16] [Server thread/INFO]: Starting minecraft server version 1.15
[15:46:16] [Server thread/INFO]: Loading properties
[15:46:16] [Server thread/INFO]: Default game type: SURVIVAL
[15:46:16] [Server console handler/ERROR]: Exception handling console input
java.io.IOException: The handle is invalid
	at java.io.FileInputStream.readBytes(Native Method) ~[?:1.8.0_131]
	at java.io.FileInputStream.read(Unknown Source) ~[?:1.8.0_131]
	at java.io.BufferedInputStream.read1(Unknown Source) ~[?:1.8.0_131]
	at java.io.BufferedInputStream.read(Unknown Source) ~[?:1.8.0_131]
	at sun.nio.cs.StreamDecoder.readBytes(Unknown Source) ~[?:1.8.0_131]
	at sun.nio.cs.StreamDecoder.implRead(Unknown Source) ~[?:1.8.0_131]
	at sun.nio.cs.StreamDecoder.read(Unknown Source) ~[?:1.8.0_131]
	at java.io.InputStreamReader.read(Unknown Source) ~[?:1.8.0_131]
	at java.io.BufferedReader.fill(Unknown Source) ~[?:1.8.0_131]
	at java.io.BufferedReader.readLine(Unknown Source) ~[?:1.8.0_131]
	at java.io.BufferedReader.readLine(Unknown Source) ~[?:1.8.0_131]
	at wd$2.run(SourceFile:109) [server_1.15.jar:?]
[15:46:16] [Server thread/INFO]: Generating keypair
[15:46:16] [Server thread/INFO]: Starting Minecraft server on *:25565
[15:46:16] [Server thread/INFO]: Using default channel type
[15:46:20] [Server thread/WARN]: **** SERVER IS RUNNING IN OFFLINE/INSECURE MODE!
[15:46:20] [Server thread/WARN]: The server will make no attempt to authenticate usernames. Beware.
[15:46:20] [Server thread/WARN]: While this makes the game possible to play without internet access, it also opens up the ability for hackers to connect with any username they choose.
[15:46:20] [Server thread/WARN]: To change this, set "online-mode" to "true" in the server.properties file.
[15:46:20] [Server thread/INFO]: Preparing level "world"
[15:46:20] [Server thread/INFO]: Reloading ResourceManager: Default
[15:46:21] [Server thread/INFO]: Loaded 6 recipes
[15:46:22] [Server thread/INFO]: Loaded 825 advancements
[15:46:22] [Server thread/INFO]: Preparing start region for dimension minecraft:overworld
[15:46:24] [Server thread/INFO]: Preparing spawn area: 0%
[15:46:24] [Server thread/INFO]: Preparing spawn area: 0%
[15:46:24] [Server thread/INFO]: Preparing spawn area: 0%
[15:46:24] [Server thread/INFO]: Preparing spawn area: 0%
[15:46:24] [Server thread/INFO]: Preparing spawn area: 0%
[15:46:28] [Server-Worker-3/INFO]: Preparing spawn area: 83%
[15:46:28] [Server-Worker-4/INFO]: Preparing spawn area: 83%
[15:46:28] [Server-Worker-4/INFO]: Preparing spawn area: 83%
[15:46:28] [Server-Worker-3/INFO]: Preparing spawn area: 83%
[15:46:28] [Server-Worker-3/INFO]: Preparing spawn area: 83%
[15:46:28] [Server-Worker-7/INFO]: Preparing spawn area: 83%
[15:46:28] [Server-Worker-7/INFO]: Preparing spawn area: 83%
[15:46:28] [Server-Worker-2/INFO]: Preparing spawn area: 99%
[15:46:31] [Server-Worker-4/INFO]: Preparing spawn area: 99%
[15:46:31] [Server-Worker-4/INFO]: Preparing spawn area: 99%
[15:46:31] [Server-Worker-5/INFO]: Preparing spawn area: 99%
[15:46:31] [Server thread/INFO]: Preparing spawn area: 99%
[15:46:31] [Server-Worker-1/INFO]: Preparing spawn area: 99%
[15:46:31] [Server thread/INFO]: Time elapsed: 8692 ms
[15:46:31] [Server thread/INFO]: Done (11.048s)! For help, type "help"
[16:08:39] [Server thread/INFO]: to016[/127.0.0.1:63496] logged in with entity id 114 at (-183.63458681552078, 65.0, 195.69999998807907)
[16:08:39] [Server thread/INFO]: to016 joined the game
[16:09:01] [Server thread/FATAL]: Error executing task on Server
org.apache.logging.log4j.core.appender.AppenderLoggingException: An exception occurred processing Appender ServerGuiConsole
	at org.apache.logging.log4j.core.appender.DefaultErrorHandler.error(DefaultErrorHandler.java:75) ~[server_1.15.jar:?]
	at org.apache.logging.log4j.core.config.AppenderControl.handleAppenderError(AppenderControl.java:165) ~[server_1.15.jar:?]
	at org.apache.logging.log4j.core.config.AppenderControl.tryCallAppender(AppenderControl.java:158) [server_1.15.jar:?]
	at org.apache.logging.log4j.core.config.AppenderControl.callAppender0(AppenderControl.java:129) [server_1.15.jar:?]
	at org.apache.logging.log4j.core.config.AppenderControl.callAppenderPreventRecursion(AppenderControl.java:120) [server_1.15.jar:?]
	at org.apache.logging.log4j.core.config.AppenderControl.callAppender(AppenderControl.java:84) [server_1.15.jar:?]
	at org.apache.logging.log4j.core.config.LoggerConfig.callAppenders(LoggerConfig.java:448) [server_1.15.jar:?]
	at org.apache.logging.log4j.core.config.LoggerConfig.processLogEvent(LoggerConfig.java:433) [server_1.15.jar:?]
	at org.apache.logging.log4j.core.config.LoggerConfig.log(LoggerConfig.java:417) [server_1.15.jar:?]
	at org.apache.logging.log4j.core.config.LoggerConfig.log(LoggerConfig.java:403) [server_1.15.jar:?]
	at org.apache.logging.log4j.core.config.AwaitCompletionReliabilityStrategy.log(AwaitCompletionReliabilityStrategy.java:63) [server_1.15.jar:?]
	at org.apache.logging.log4j.core.Logger.logMessage(Logger.java:146) [server_1.15.jar:?]
	at org.apache.logging.log4j.spi.AbstractLogger.logMessageSafely(AbstractLogger.java:2091) [server_1.15.jar:?]
	at org.apache.logging.log4j.spi.AbstractLogger.logMessage(AbstractLogger.java:1988) [server_1.15.jar:?]
	at org.apache.logging.log4j.spi.AbstractLogger.logIfEnabled(AbstractLogger.java:1960) [server_1.15.jar:?]
	at org.apache.logging.log4j.spi.AbstractLogger.info(AbstractLogger.java:1297) [server_1.15.jar:?]
	at net.minecraft.server.MinecraftServer.a(SourceFile:1074) ~[server_1.15.jar:?]
	at zo.a(SourceFile:767) ~[server_1.15.jar:?]
	at xv.a(SourceFile:1073) ~[server_1.15.jar:?]
	at pp.a(SourceFile:36) ~[server_1.15.jar:?]
	at pp.a(SourceFile:9) ~[server_1.15.jar:?]
	at lv.a(SourceFile:21) ~[server_1.15.jar:?]
	at tb.run(SourceFile:18) ~[server_1.15.jar:?]
	at aip.h(SourceFile:144) [server_1.15.jar:?]
	at ait.h(SourceFile:23) [server_1.15.jar:?]
	at aip.v(SourceFile:118) [server_1.15.jar:?]
	at net.minecraft.server.MinecraftServer.aZ(SourceFile:724) [server_1.15.jar:?]
	at net.minecraft.server.MinecraftServer.v(SourceFile:718) [server_1.15.jar:?]
	at aip.c(SourceFile:127) [server_1.15.jar:?]
	at net.minecraft.server.MinecraftServer.u(SourceFile:703) [server_1.15.jar:?]
	at net.minecraft.server.MinecraftServer.run(SourceFile:658) [server_1.15.jar:?]
	at java.lang.Thread.run(Unknown Source) [?:1.8.0_131]
Caused by: org.apache.commons.collections.FunctorException: InvokerTransformer: The method 'newTransformer' on 'class com.sun.org.apache.xalan.internal.xsltc.trax.TemplatesImpl' threw an exception
	at org.apache.commons.collections.functors.InvokerTransformer.transform(InvokerTransformer.java:133) ~[server_1.15.jar:?]
	at org.apache.commons.collections.map.LazyMap.get(LazyMap.java:158) ~[server_1.15.jar:?]
	at org.apache.commons.collections.keyvalue.TiedMapEntry.getValue(TiedMapEntry.java:74) ~[server_1.15.jar:?]
	at org.apache.commons.collections.keyvalue.TiedMapEntry.hashCode(TiedMapEntry.java:121) ~[server_1.15.jar:?]
	at java.util.HashMap.hash(Unknown Source) ~[?:1.8.0_131]
	at java.util.HashMap.readObject(Unknown Source) ~[?:1.8.0_131]
	at sun.reflect.NativeMethodAccessorImpl.invoke0(Native Method) ~[?:1.8.0_131]
	at sun.reflect.NativeMethodAccessorImpl.invoke(Unknown Source) ~[?:1.8.0_131]
	at sun.reflect.DelegatingMethodAccessorImpl.invoke(Unknown Source) ~[?:1.8.0_131]
	at java.lang.reflect.Method.invoke(Unknown Source) ~[?:1.8.0_131]
	at java.io.ObjectStreamClass.invokeReadObject(Unknown Source) ~[?:1.8.0_131]
	at java.io.ObjectInputStream.readSerialData(Unknown Source) ~[?:1.8.0_131]
	at java.io.ObjectInputStream.readOrdinaryObject(Unknown Source) ~[?:1.8.0_131]
	at java.io.ObjectInputStream.readObject0(Unknown Source) ~[?:1.8.0_131]
	at java.io.ObjectInputStream.readObject(Unknown Source) ~[?:1.8.0_131]
	at com.sun.jndi.ldap.Obj.deserializeObject(Unknown Source) ~[?:1.8.0_131]
	at com.sun.jndi.ldap.Obj.decodeObject(Unknown Source) ~[?:1.8.0_131]
	at com.sun.jndi.ldap.LdapCtx.c_lookup(Unknown Source) ~[?:1.8.0_131]
	at com.sun.jndi.toolkit.ctx.ComponentContext.p_lookup(Unknown Source) ~[?:1.8.0_131]
	at com.sun.jndi.toolkit.ctx.PartialCompositeContext.lookup(Unknown Source) ~[?:1.8.0_131]
	at com.sun.jndi.toolkit.url.GenericURLContext.lookup(Unknown Source) ~[?:1.8.0_131]
	at com.sun.jndi.url.ldap.ldapURLContext.lookup(Unknown Source) ~[?:1.8.0_131]
	at javax.naming.InitialContext.lookup(Unknown Source) ~[?:1.8.0_131]
	at org.apache.logging.log4j.core.net.JndiManager.lookup(JndiManager.java:129) ~[server_1.15.jar:?]
	at org.apache.logging.log4j.core.lookup.JndiLookup.lookup(JndiLookup.java:54) ~[server_1.15.jar:?]
	at org.apache.logging.log4j.core.lookup.Interpolator.lookup(Interpolator.java:183) ~[server_1.15.jar:?]
	at org.apache.logging.log4j.core.lookup.StrSubstitutor.resolveVariable(StrSubstitutor.java:1054) ~[server_1.15.jar:?]
	at org.apache.logging.log4j.core.lookup.StrSubstitutor.substitute(StrSubstitutor.java:976) ~[server_1.15.jar:?]
	at org.apache.logging.log4j.core.lookup.StrSubstitutor.substitute(StrSubstitutor.java:872) ~[server_1.15.jar:?]
	at org.apache.logging.log4j.core.lookup.StrSubstitutor.replace(StrSubstitutor.java:427) ~[server_1.15.jar:?]
	at org.apache.logging.log4j.core.pattern.MessagePatternConverter.format(MessagePatternConverter.java:127) ~[server_1.15.jar:?]
	at org.apache.logging.log4j.core.pattern.PatternFormatter.format(PatternFormatter.java:38) ~[server_1.15.jar:?]
	at org.apache.logging.log4j.core.layout.PatternLayout$PatternSerializer.toSerializable(PatternLayout.java:333) ~[server_1.15.jar:?]
	at org.apache.logging.log4j.core.layout.PatternLayout$PatternSerializer.toSerializable(PatternLayout.java:323) ~[server_1.15.jar:?]
	at org.apache.logging.log4j.core.layout.PatternLayout.toSerializable(PatternLayout.java:208) ~[server_1.15.jar:?]
	at org.apache.logging.log4j.core.layout.PatternLayout.toSerializable(PatternLayout.java:57) ~[server_1.15.jar:?]
	at com.mojang.util.QueueLogAppender.append(QueueLogAppender.java:39) ~[server_1.15.jar:?]
	at org.apache.logging.log4j.core.config.AppenderControl.tryCallAppender(AppenderControl.java:156) ~[server_1.15.jar:?]
	... 29 more
Caused by: java.lang.reflect.InvocationTargetException
	at sun.reflect.NativeMethodAccessorImpl.invoke0(Native Method) ~[?:1.8.0_131]
	at sun.reflect.NativeMethodAccessorImpl.invoke(Unknown Source) ~[?:1.8.0_131]
	at sun.reflect.DelegatingMethodAccessorImpl.invoke(Unknown Source) ~[?:1.8.0_131]
	at java.lang.reflect.Method.invoke(Unknown Source) ~[?:1.8.0_131]
	at org.apache.commons.collections.functors.InvokerTransformer.transform(InvokerTransformer.java:126) ~[server_1.15.jar:?]
	at org.apache.commons.collections.map.LazyMap.get(LazyMap.java:158) ~[server_1.15.jar:?]
	at org.apache.commons.collections.keyvalue.TiedMapEntry.getValue(TiedMapEntry.java:74) ~[server_1.15.jar:?]
	at org.apache.commons.collections.keyvalue.TiedMapEntry.hashCode(TiedMapEntry.java:121) ~[server_1.15.jar:?]
	at java.util.HashMap.hash(Unknown Source) ~[?:1.8.0_131]
	at java.util.HashMap.readObject(Unknown Source) ~[?:1.8.0_131]
	at sun.reflect.NativeMethodAccessorImpl.invoke0(Native Method) ~[?:1.8.0_131]
	at sun.reflect.NativeMethodAccessorImpl.invoke(Unknown Source) ~[?:1.8.0_131]
	at sun.reflect.DelegatingMethodAccessorImpl.invoke(Unknown Source) ~[?:1.8.0_131]
	at java.lang.reflect.Method.invoke(Unknown Source) ~[?:1.8.0_131]
	at java.io.ObjectStreamClass.invokeReadObject(Unknown Source) ~[?:1.8.0_131]
	at java.io.ObjectInputStream.readSerialData(Unknown Source) ~[?:1.8.0_131]
	at java.io.ObjectInputStream.readOrdinaryObject(Unknown Source) ~[?:1.8.0_131]
	at java.io.ObjectInputStream.readObject0(Unknown Source) ~[?:1.8.0_131]
	at java.io.ObjectInputStream.readObject(Unknown Source) ~[?:1.8.0_131]
	at com.sun.jndi.ldap.Obj.deserializeObject(Unknown Source) ~[?:1.8.0_131]
	at com.sun.jndi.ldap.Obj.decodeObject(Unknown Source) ~[?:1.8.0_131]
	at com.sun.jndi.ldap.LdapCtx.c_lookup(Unknown Source) ~[?:1.8.0_131]
	at com.sun.jndi.toolkit.ctx.ComponentContext.p_lookup(Unknown Source) ~[?:1.8.0_131]
	at com.sun.jndi.toolkit.ctx.PartialCompositeContext.lookup(Unknown Source) ~[?:1.8.0_131]
	at com.sun.jndi.toolkit.url.GenericURLContext.lookup(Unknown Source) ~[?:1.8.0_131]
	at com.sun.jndi.url.ldap.ldapURLContext.lookup(Unknown Source) ~[?:1.8.0_131]
	at javax.naming.InitialContext.lookup(Unknown Source) ~[?:1.8.0_131]
	at org.apache.logging.log4j.core.net.JndiManager.lookup(JndiManager.java:129) ~[server_1.15.jar:?]
	at org.apache.logging.log4j.core.lookup.JndiLookup.lookup(JndiLookup.java:54) ~[server_1.15.jar:?]
	at org.apache.logging.log4j.core.lookup.Interpolator.lookup(Interpolator.java:183) ~[server_1.15.jar:?]
	at org.apache.logging.log4j.core.lookup.StrSubstitutor.resolveVariable(StrSubstitutor.java:1054) ~[server_1.15.jar:?]
	at org.apache.logging.log4j.core.lookup.StrSubstitutor.substitute(StrSubstitutor.java:976) ~[server_1.15.jar:?]
	at org.apache.logging.log4j.core.lookup.StrSubstitutor.substitute(StrSubstitutor.java:872) ~[server_1.15.jar:?]
	at org.apache.logging.log4j.core.lookup.StrSubstitutor.replace(StrSubstitutor.java:427) ~[server_1.15.jar:?]
	at org.apache.logging.log4j.core.pattern.MessagePatternConverter.format(MessagePatternConverter.java:127) ~[server_1.15.jar:?]
	at org.apache.logging.log4j.core.pattern.PatternFormatter.format(PatternFormatter.java:38) ~[server_1.15.jar:?]
	at org.apache.logging.log4j.core.layout.PatternLayout$PatternSerializer.toSerializable(PatternLayout.java:333) ~[server_1.15.jar:?]
	at org.apache.logging.log4j.core.layout.PatternLayout$PatternSerializer.toSerializable(PatternLayout.java:323) ~[server_1.15.jar:?]
	at org.apache.logging.log4j.core.layout.PatternLayout.toSerializable(PatternLayout.java:208) ~[server_1.15.jar:?]
	at org.apache.logging.log4j.core.layout.PatternLayout.toSerializable(PatternLayout.java:57) ~[server_1.15.jar:?]
	at com.mojang.util.QueueLogAppender.append(QueueLogAppender.java:39) ~[server_1.15.jar:?]
	at org.apache.logging.log4j.core.config.AppenderControl.tryCallAppender(AppenderControl.java:156) ~[server_1.15.jar:?]
	... 29 more
Caused by: java.lang.NullPointerException
	at com.sun.org.apache.xalan.internal.xsltc.runtime.AbstractTranslet.postInitialization(Unknown Source) ~[?:1.8.0_131]
	at com.sun.org.apache.xalan.internal.xsltc.trax.TemplatesImpl.getTransletInstance(Unknown Source) ~[?:1.8.0_131]
	at com.sun.org.apache.xalan.internal.xsltc.trax.TemplatesImpl.newTransformer(Unknown Source) ~[?:1.8.0_131]
	at sun.reflect.NativeMethodAccessorImpl.invoke0(Native Method) ~[?:1.8.0_131]
	at sun.reflect.NativeMethodAccessorImpl.invoke(Unknown Source) ~[?:1.8.0_131]
	at sun.reflect.DelegatingMethodAccessorImpl.invoke(Unknown Source) ~[?:1.8.0_131]
	at java.lang.reflect.Method.invoke(Unknown Source) ~[?:1.8.0_131]
	at org.apache.commons.collections.functors.InvokerTransformer.transform(InvokerTransformer.java:126) ~[server_1.15.jar:?]
	at org.apache.commons.collections.map.LazyMap.get(LazyMap.java:158) ~[server_1.15.jar:?]
	at org.apache.commons.collections.keyvalue.TiedMapEntry.getValue(TiedMapEntry.java:74) ~[server_1.15.jar:?]
	at org.apache.commons.collections.keyvalue.TiedMapEntry.hashCode(TiedMapEntry.java:121) ~[server_1.15.jar:?]
	at java.util.HashMap.hash(Unknown Source) ~[?:1.8.0_131]
	at java.util.HashMap.readObject(Unknown Source) ~[?:1.8.0_131]
	at sun.reflect.NativeMethodAccessorImpl.invoke0(Native Method) ~[?:1.8.0_131]
	at sun.reflect.NativeMethodAccessorImpl.invoke(Unknown Source) ~[?:1.8.0_131]
	at sun.reflect.DelegatingMethodAccessorImpl.invoke(Unknown Source) ~[?:1.8.0_131]
	at java.lang.reflect.Method.invoke(Unknown Source) ~[?:1.8.0_131]
	at java.io.ObjectStreamClass.invokeReadObject(Unknown Source) ~[?:1.8.0_131]
	at java.io.ObjectInputStream.readSerialData(Unknown Source) ~[?:1.8.0_131]
	at java.io.ObjectInputStream.readOrdinaryObject(Unknown Source) ~[?:1.8.0_131]
	at java.io.ObjectInputStream.readObject0(Unknown Source) ~[?:1.8.0_131]
	at java.io.ObjectInputStream.readObject(Unknown Source) ~[?:1.8.0_131]
	at com.sun.jndi.ldap.Obj.deserializeObject(Unknown Source) ~[?:1.8.0_131]
	at com.sun.jndi.ldap.Obj.decodeObject(Unknown Source) ~[?:1.8.0_131]
	at com.sun.jndi.ldap.LdapCtx.c_lookup(Unknown Source) ~[?:1.8.0_131]
	at com.sun.jndi.toolkit.ctx.ComponentContext.p_lookup(Unknown Source) ~[?:1.8.0_131]
	at com.sun.jndi.toolkit.ctx.PartialCompositeContext.lookup(Unknown Source) ~[?:1.8.0_131]
	at com.sun.jndi.toolkit.url.GenericURLContext.lookup(Unknown Source) ~[?:1.8.0_131]
	at com.sun.jndi.url.ldap.ldapURLContext.lookup(Unknown Source) ~[?:1.8.0_131]
	at javax.naming.InitialContext.lookup(Unknown Source) ~[?:1.8.0_131]
	at org.apache.logging.log4j.core.net.JndiManager.lookup(JndiManager.java:129) ~[server_1.15.jar:?]
	at org.apache.logging.log4j.core.lookup.JndiLookup.lookup(JndiLookup.java:54) ~[server_1.15.jar:?]
	at org.apache.logging.log4j.core.lookup.Interpolator.lookup(Interpolator.java:183) ~[server_1.15.jar:?]
	at org.apache.logging.log4j.core.lookup.StrSubstitutor.resolveVariable(StrSubstitutor.java:1054) ~[server_1.15.jar:?]
	at org.apache.logging.log4j.core.lookup.StrSubstitutor.substitute(StrSubstitutor.java:976) ~[server_1.15.jar:?]
	at org.apache.logging.log4j.core.lookup.StrSubstitutor.substitute(StrSubstitutor.java:872) ~[server_1.15.jar:?]
	at org.apache.logging.log4j.core.lookup.StrSubstitutor.replace(StrSubstitutor.java:427) ~[server_1.15.jar:?]
	at org.apache.logging.log4j.core.pattern.MessagePatternConverter.format(MessagePatternConverter.java:127) ~[server_1.15.jar:?]
	at org.apache.logging.log4j.core.pattern.PatternFormatter.format(PatternFormatter.java:38) ~[server_1.15.jar:?]
	at org.apache.logging.log4j.core.layout.PatternLayout$PatternSerializer.toSerializable(PatternLayout.java:333) ~[server_1.15.jar:?]
	at org.apache.logging.log4j.core.layout.PatternLayout$PatternSerializer.toSerializable(PatternLayout.java:323) ~[server_1.15.jar:?]
	at org.apache.logging.log4j.core.layout.PatternLayout.toSerializable(PatternLayout.java:208) ~[server_1.15.jar:?]
	at org.apache.logging.log4j.core.layout.PatternLayout.toSerializable(PatternLayout.java:57) ~[server_1.15.jar:?]
	at com.mojang.util.QueueLogAppender.append(QueueLogAppender.java:39) ~[server_1.15.jar:?]
	at org.apache.logging.log4j.core.config.AppenderControl.tryCallAppender(AppenderControl.java:156) ~[server_1.15.jar:?]
	... 29 more
[16:09:01] [Server thread/WARN]: Can't keep up! Is the server overloaded? Running 4077ms or 81 ticks behind
[16:09:39] [Server thread/FATAL]: Error executing task on Server
org.apache.logging.log4j.core.appender.AppenderLoggingException: An exception occurred processing Appender ServerGuiConsole
	at org.apache.logging.log4j.core.appender.DefaultErrorHandler.error(DefaultErrorHandler.java:75) ~[server_1.15.jar:?]
	at org.apache.logging.log4j.core.config.AppenderControl.handleAppenderError(AppenderControl.java:165) ~[server_1.15.jar:?]
	at org.apache.logging.log4j.core.config.AppenderControl.tryCallAppender(AppenderControl.java:158) [server_1.15.jar:?]
	at org.apache.logging.log4j.core.config.AppenderControl.callAppender0(AppenderControl.java:129) [server_1.15.jar:?]
	at org.apache.logging.log4j.core.config.AppenderControl.callAppenderPreventRecursion(AppenderControl.java:120) [server_1.15.jar:?]
	at org.apache.logging.log4j.core.config.AppenderControl.callAppender(AppenderControl.java:84) [server_1.15.jar:?]
	at org.apache.logging.log4j.core.config.LoggerConfig.callAppenders(LoggerConfig.java:448) [server_1.15.jar:?]
	at org.apache.logging.log4j.core.config.LoggerConfig.processLogEvent(LoggerConfig.java:433) [server_1.15.jar:?]
	at org.apache.logging.log4j.core.config.LoggerConfig.log(LoggerConfig.java:417) [server_1.15.jar:?]
	at org.apache.logging.log4j.core.config.LoggerConfig.log(LoggerConfig.java:403) [server_1.15.jar:?]
	at org.apache.logging.log4j.core.config.AwaitCompletionReliabilityStrategy.log(AwaitCompletionReliabilityStrategy.java:63) [server_1.15.jar:?]
	at org.apache.logging.log4j.core.Logger.logMessage(Logger.java:146) [server_1.15.jar:?]
	at org.apache.logging.log4j.spi.AbstractLogger.logMessageSafely(AbstractLogger.java:2091) [server_1.15.jar:?]
	at org.apache.logging.log4j.spi.AbstractLogger.logMessage(AbstractLogger.java:1988) [server_1.15.jar:?]
	at org.apache.logging.log4j.spi.AbstractLogger.logIfEnabled(AbstractLogger.java:1960) [server_1.15.jar:?]
	at org.apache.logging.log4j.spi.AbstractLogger.info(AbstractLogger.java:1297) [server_1.15.jar:?]
	at net.minecraft.server.MinecraftServer.a(SourceFile:1074) ~[server_1.15.jar:?]
	at zo.a(SourceFile:767) ~[server_1.15.jar:?]
	at xv.a(SourceFile:1073) ~[server_1.15.jar:?]
	at pp.a(SourceFile:36) ~[server_1.15.jar:?]
	at pp.a(SourceFile:9) ~[server_1.15.jar:?]
	at lv.a(SourceFile:21) ~[server_1.15.jar:?]
	at tb.run(SourceFile:18) ~[server_1.15.jar:?]
	at aip.h(SourceFile:144) [server_1.15.jar:?]
	at ait.h(SourceFile:23) [server_1.15.jar:?]
	at aip.v(SourceFile:118) [server_1.15.jar:?]
	at net.minecraft.server.MinecraftServer.aZ(SourceFile:724) [server_1.15.jar:?]
	at net.minecraft.server.MinecraftServer.v(SourceFile:718) [server_1.15.jar:?]
	at aip.c(SourceFile:127) [server_1.15.jar:?]
	at net.minecraft.server.MinecraftServer.u(SourceFile:703) [server_1.15.jar:?]
	at net.minecraft.server.MinecraftServer.run(SourceFile:658) [server_1.15.jar:?]
	at java.lang.Thread.run(Unknown Source) [?:1.8.0_131]
Caused by: org.apache.commons.collections.FunctorException: InvokerTransformer: The method 'newTransformer' on 'class com.sun.org.apache.xalan.internal.xsltc.trax.TemplatesImpl' threw an exception
	at org.apache.commons.collections.functors.InvokerTransformer.transform(InvokerTransformer.java:133) ~[server_1.15.jar:?]
	at org.apache.commons.collections.map.LazyMap.get(LazyMap.java:158) ~[server_1.15.jar:?]
	at org.apache.commons.collections.keyvalue.TiedMapEntry.getValue(TiedMapEntry.java:74) ~[server_1.15.jar:?]
	at org.apache.commons.collections.keyvalue.TiedMapEntry.hashCode(TiedMapEntry.java:121) ~[server_1.15.jar:?]
	at java.util.HashMap.hash(Unknown Source) ~[?:1.8.0_131]
	at java.util.HashMap.readObject(Unknown Source) ~[?:1.8.0_131]
	at sun.reflect.NativeMethodAccessorImpl.invoke0(Native Method) ~[?:1.8.0_131]
	at sun.reflect.NativeMethodAccessorImpl.invoke(Unknown Source) ~[?:1.8.0_131]
	at sun.reflect.DelegatingMethodAccessorImpl.invoke(Unknown Source) ~[?:1.8.0_131]
	at java.lang.reflect.Method.invoke(Unknown Source) ~[?:1.8.0_131]
	at java.io.ObjectStreamClass.invokeReadObject(Unknown Source) ~[?:1.8.0_131]
	at java.io.ObjectInputStream.readSerialData(Unknown Source) ~[?:1.8.0_131]
	at java.io.ObjectInputStream.readOrdinaryObject(Unknown Source) ~[?:1.8.0_131]
	at java.io.ObjectInputStream.readObject0(Unknown Source) ~[?:1.8.0_131]
	at java.io.ObjectInputStream.readObject(Unknown Source) ~[?:1.8.0_131]
	at com.sun.jndi.ldap.Obj.deserializeObject(Unknown Source) ~[?:1.8.0_131]
	at com.sun.jndi.ldap.Obj.decodeObject(Unknown Source) ~[?:1.8.0_131]
	at com.sun.jndi.ldap.LdapCtx.c_lookup(Unknown Source) ~[?:1.8.0_131]
	at com.sun.jndi.toolkit.ctx.ComponentContext.p_lookup(Unknown Source) ~[?:1.8.0_131]
	at com.sun.jndi.toolkit.ctx.PartialCompositeContext.lookup(Unknown Source) ~[?:1.8.0_131]
	at com.sun.jndi.toolkit.url.GenericURLContext.lookup(Unknown Source) ~[?:1.8.0_131]
	at com.sun.jndi.url.ldap.ldapURLContext.lookup(Unknown Source) ~[?:1.8.0_131]
	at javax.naming.InitialContext.lookup(Unknown Source) ~[?:1.8.0_131]
	at org.apache.logging.log4j.core.net.JndiManager.lookup(JndiManager.java:129) ~[server_1.15.jar:?]
	at org.apache.logging.log4j.core.lookup.JndiLookup.lookup(JndiLookup.java:54) ~[server_1.15.jar:?]
	at org.apache.logging.log4j.core.lookup.Interpolator.lookup(Interpolator.java:183) ~[server_1.15.jar:?]
	at org.apache.logging.log4j.core.lookup.StrSubstitutor.resolveVariable(StrSubstitutor.java:1054) ~[server_1.15.jar:?]
	at org.apache.logging.log4j.core.lookup.StrSubstitutor.substitute(StrSubstitutor.java:976) ~[server_1.15.jar:?]
	at org.apache.logging.log4j.core.lookup.StrSubstitutor.substitute(StrSubstitutor.java:872) ~[server_1.15.jar:?]
	at org.apache.logging.log4j.core.lookup.StrSubstitutor.replace(StrSubstitutor.java:427) ~[server_1.15.jar:?]
	at org.apache.logging.log4j.core.pattern.MessagePatternConverter.format(MessagePatternConverter.java:127) ~[server_1.15.jar:?]
	at org.apache.logging.log4j.core.pattern.PatternFormatter.format(PatternFormatter.java:38) ~[server_1.15.jar:?]
	at org.apache.logging.log4j.core.layout.PatternLayout$PatternSerializer.toSerializable(PatternLayout.java:333) ~[server_1.15.jar:?]
	at org.apache.logging.log4j.core.layout.PatternLayout$PatternSerializer.toSerializable(PatternLayout.java:323) ~[server_1.15.jar:?]
	at org.apache.logging.log4j.core.layout.PatternLayout.toSerializable(PatternLayout.java:208) ~[server_1.15.jar:?]
	at org.apache.logging.log4j.core.layout.PatternLayout.toSerializable(PatternLayout.java:57) ~[server_1.15.jar:?]
	at com.mojang.util.QueueLogAppender.append(QueueLogAppender.java:39) ~[server_1.15.jar:?]
	at org.apache.logging.log4j.core.config.AppenderControl.tryCallAppender(AppenderControl.java:156) ~[server_1.15.jar:?]
	... 29 more
Caused by: java.lang.reflect.InvocationTargetException
	at sun.reflect.NativeMethodAccessorImpl.invoke0(Native Method) ~[?:1.8.0_131]
	at sun.reflect.NativeMethodAccessorImpl.invoke(Unknown Source) ~[?:1.8.0_131]
	at sun.reflect.DelegatingMethodAccessorImpl.invoke(Unknown Source) ~[?:1.8.0_131]
	at java.lang.reflect.Method.invoke(Unknown Source) ~[?:1.8.0_131]
	at org.apache.commons.collections.functors.InvokerTransformer.transform(InvokerTransformer.java:126) ~[server_1.15.jar:?]
	at org.apache.commons.collections.map.LazyMap.get(LazyMap.java:158) ~[server_1.15.jar:?]
	at org.apache.commons.collections.keyvalue.TiedMapEntry.getValue(TiedMapEntry.java:74) ~[server_1.15.jar:?]
	at org.apache.commons.collections.keyvalue.TiedMapEntry.hashCode(TiedMapEntry.java:121) ~[server_1.15.jar:?]
	at java.util.HashMap.hash(Unknown Source) ~[?:1.8.0_131]
	at java.util.HashMap.readObject(Unknown Source) ~[?:1.8.0_131]
	at sun.reflect.NativeMethodAccessorImpl.invoke0(Native Method) ~[?:1.8.0_131]
	at sun.reflect.NativeMethodAccessorImpl.invoke(Unknown Source) ~[?:1.8.0_131]
	at sun.reflect.DelegatingMethodAccessorImpl.invoke(Unknown Source) ~[?:1.8.0_131]
	at java.lang.reflect.Method.invoke(Unknown Source) ~[?:1.8.0_131]
	at java.io.ObjectStreamClass.invokeReadObject(Unknown Source) ~[?:1.8.0_131]
	at java.io.ObjectInputStream.readSerialData(Unknown Source) ~[?:1.8.0_131]
	at java.io.ObjectInputStream.readOrdinaryObject(Unknown Source) ~[?:1.8.0_131]
	at java.io.ObjectInputStream.readObject0(Unknown Source) ~[?:1.8.0_131]
	at java.io.ObjectInputStream.readObject(Unknown Source) ~[?:1.8.0_131]
	at com.sun.jndi.ldap.Obj.deserializeObject(Unknown Source) ~[?:1.8.0_131]
	at com.sun.jndi.ldap.Obj.decodeObject(Unknown Source) ~[?:1.8.0_131]
	at com.sun.jndi.ldap.LdapCtx.c_lookup(Unknown Source) ~[?:1.8.0_131]
	at com.sun.jndi.toolkit.ctx.ComponentContext.p_lookup(Unknown Source) ~[?:1.8.0_131]
	at com.sun.jndi.toolkit.ctx.PartialCompositeContext.lookup(Unknown Source) ~[?:1.8.0_131]
	at com.sun.jndi.toolkit.url.GenericURLContext.lookup(Unknown Source) ~[?:1.8.0_131]
	at com.sun.jndi.url.ldap.ldapURLContext.lookup(Unknown Source) ~[?:1.8.0_131]
	at javax.naming.InitialContext.lookup(Unknown Source) ~[?:1.8.0_131]
	at org.apache.logging.log4j.core.net.JndiManager.lookup(JndiManager.java:129) ~[server_1.15.jar:?]
	at org.apache.logging.log4j.core.lookup.JndiLookup.lookup(JndiLookup.java:54) ~[server_1.15.jar:?]
	at org.apache.logging.log4j.core.lookup.Interpolator.lookup(Interpolator.java:183) ~[server_1.15.jar:?]
	at org.apache.logging.log4j.core.lookup.StrSubstitutor.resolveVariable(StrSubstitutor.java:1054) ~[server_1.15.jar:?]
	at org.apache.logging.log4j.core.lookup.StrSubstitutor.substitute(StrSubstitutor.java:976) ~[server_1.15.jar:?]
	at org.apache.logging.log4j.core.lookup.StrSubstitutor.substitute(StrSubstitutor.java:872) ~[server_1.15.jar:?]
	at org.apache.logging.log4j.core.lookup.StrSubstitutor.replace(StrSubstitutor.java:427) ~[server_1.15.jar:?]
	at org.apache.logging.log4j.core.pattern.MessagePatternConverter.format(MessagePatternConverter.java:127) ~[server_1.15.jar:?]
	at org.apache.logging.log4j.core.pattern.PatternFormatter.format(PatternFormatter.java:38) ~[server_1.15.jar:?]
	at org.apache.logging.log4j.core.layout.PatternLayout$PatternSerializer.toSerializable(PatternLayout.java:333) ~[server_1.15.jar:?]
	at org.apache.logging.log4j.core.layout.PatternLayout$PatternSerializer.toSerializable(PatternLayout.java:323) ~[server_1.15.jar:?]
	at org.apache.logging.log4j.core.layout.PatternLayout.toSerializable(PatternLayout.java:208) ~[server_1.15.jar:?]
	at org.apache.logging.log4j.core.layout.PatternLayout.toSerializable(PatternLayout.java:57) ~[server_1.15.jar:?]
	at com.mojang.util.QueueLogAppender.append(QueueLogAppender.java:39) ~[server_1.15.jar:?]
	at org.apache.logging.log4j.core.config.AppenderControl.tryCallAppender(AppenderControl.java:156) ~[server_1.15.jar:?]
	... 29 more
Caused by: java.lang.NullPointerException
	at com.sun.org.apache.xalan.internal.xsltc.runtime.AbstractTranslet.postInitialization(Unknown Source) ~[?:1.8.0_131]
	at com.sun.org.apache.xalan.internal.xsltc.trax.TemplatesImpl.getTransletInstance(Unknown Source) ~[?:1.8.0_131]
	at com.sun.org.apache.xalan.internal.xsltc.trax.TemplatesImpl.newTransformer(Unknown Source) ~[?:1.8.0_131]
	at sun.reflect.NativeMethodAccessorImpl.invoke0(Native Method) ~[?:1.8.0_131]
	at sun.reflect.NativeMethodAccessorImpl.invoke(Unknown Source) ~[?:1.8.0_131]
	at sun.reflect.DelegatingMethodAccessorImpl.invoke(Unknown Source) ~[?:1.8.0_131]
	at java.lang.reflect.Method.invoke(Unknown Source) ~[?:1.8.0_131]
	at org.apache.commons.collections.functors.InvokerTransformer.transform(InvokerTransformer.java:126) ~[server_1.15.jar:?]
	at org.apache.commons.collections.map.LazyMap.get(LazyMap.java:158) ~[server_1.15.jar:?]
	at org.apache.commons.collections.keyvalue.TiedMapEntry.getValue(TiedMapEntry.java:74) ~[server_1.15.jar:?]
	at org.apache.commons.collections.keyvalue.TiedMapEntry.hashCode(TiedMapEntry.java:121) ~[server_1.15.jar:?]
	at java.util.HashMap.hash(Unknown Source) ~[?:1.8.0_131]
	at java.util.HashMap.readObject(Unknown Source) ~[?:1.8.0_131]
	at sun.reflect.NativeMethodAccessorImpl.invoke0(Native Method) ~[?:1.8.0_131]
	at sun.reflect.NativeMethodAccessorImpl.invoke(Unknown Source) ~[?:1.8.0_131]
	at sun.reflect.DelegatingMethodAccessorImpl.invoke(Unknown Source) ~[?:1.8.0_131]
	at java.lang.reflect.Method.invoke(Unknown Source) ~[?:1.8.0_131]
	at java.io.ObjectStreamClass.invokeReadObject(Unknown Source) ~[?:1.8.0_131]
	at java.io.ObjectInputStream.readSerialData(Unknown Source) ~[?:1.8.0_131]
	at java.io.ObjectInputStream.readOrdinaryObject(Unknown Source) ~[?:1.8.0_131]
	at java.io.ObjectInputStream.readObject0(Unknown Source) ~[?:1.8.0_131]
	at java.io.ObjectInputStream.readObject(Unknown Source) ~[?:1.8.0_131]
	at com.sun.jndi.ldap.Obj.deserializeObject(Unknown Source) ~[?:1.8.0_131]
	at com.sun.jndi.ldap.Obj.decodeObject(Unknown Source) ~[?:1.8.0_131]
	at com.sun.jndi.ldap.LdapCtx.c_lookup(Unknown Source) ~[?:1.8.0_131]
	at com.sun.jndi.toolkit.ctx.ComponentContext.p_lookup(Unknown Source) ~[?:1.8.0_131]
	at com.sun.jndi.toolkit.ctx.PartialCompositeContext.lookup(Unknown Source) ~[?:1.8.0_131]
	at com.sun.jndi.toolkit.url.GenericURLContext.lookup(Unknown Source) ~[?:1.8.0_131]
	at com.sun.jndi.url.ldap.ldapURLContext.lookup(Unknown Source) ~[?:1.8.0_131]
	at javax.naming.InitialContext.lookup(Unknown Source) ~[?:1.8.0_131]
	at org.apache.logging.log4j.core.net.JndiManager.lookup(JndiManager.java:129) ~[server_1.15.jar:?]
	at org.apache.logging.log4j.core.lookup.JndiLookup.lookup(JndiLookup.java:54) ~[server_1.15.jar:?]
	at org.apache.logging.log4j.core.lookup.Interpolator.lookup(Interpolator.java:183) ~[server_1.15.jar:?]
	at org.apache.logging.log4j.core.lookup.StrSubstitutor.resolveVariable(StrSubstitutor.java:1054) ~[server_1.15.jar:?]
	at org.apache.logging.log4j.core.lookup.StrSubstitutor.substitute(StrSubstitutor.java:976) ~[server_1.15.jar:?]
	at org.apache.logging.log4j.core.lookup.StrSubstitutor.substitute(StrSubstitutor.java:872) ~[server_1.15.jar:?]
	at org.apache.logging.log4j.core.lookup.StrSubstitutor.replace(StrSubstitutor.java:427) ~[server_1.15.jar:?]
	at org.apache.logging.log4j.core.pattern.MessagePatternConverter.format(MessagePatternConverter.java:127) ~[server_1.15.jar:?]
	at org.apache.logging.log4j.core.pattern.PatternFormatter.format(PatternFormatter.java:38) ~[server_1.15.jar:?]
	at org.apache.logging.log4j.core.layout.PatternLayout$PatternSerializer.toSerializable(PatternLayout.java:333) ~[server_1.15.jar:?]
	at org.apache.logging.log4j.core.layout.PatternLayout$PatternSerializer.toSerializable(PatternLayout.java:323) ~[server_1.15.jar:?]
	at org.apache.logging.log4j.core.layout.PatternLayout.toSerializable(PatternLayout.java:208) ~[server_1.15.jar:?]
	at org.apache.logging.log4j.core.layout.PatternLayout.toSerializable(PatternLayout.java:57) ~[server_1.15.jar:?]
	at com.mojang.util.QueueLogAppender.append(QueueLogAppender.java:39) ~[server_1.15.jar:?]
	at org.apache.logging.log4j.core.config.AppenderControl.tryCallAppender(AppenderControl.java:156) ~[server_1.15.jar:?]
	... 29 more
[16:09:39] [Server thread/WARN]: Can't keep up! Is the server overloaded? Running 3757ms or 75 ticks behind
[16:17:54] [Server thread/INFO]: to016 lost connection: Disconnected
[16:17:54] [Server thread/INFO]: to016 left the game
